Using pre-set license
Built from '2020.3/staging' branch; Version is '2020.3.3f1 (76626098c1c4) revision 7758432'; Using compiler version '192528614'; Build Type 'Release'
OS: 'Windows 10 Pro; OS build 19044.2486; Version 2009; 64bit' Language: 'en' Physical Memory: 32598 MB
BatchMode: 1, IsHumanControllingUs: 0, StartBugReporterOnCrash: 0, Is64bit: 1, IsPro: 0

 COMMAND LINE ARGUMENTS:
C:\Users\Egidijus.Subacius\Desktop\Unity\2020.3.3f1\Editor\Unity.exe
-adb2
-batchMode
-noUpm
-name
AssetImportWorker0
-projectPath
C:/Users/Egidijus.Subacius/Desktop/Unity/MainMenu/MainMenu
-logFile
Logs/AssetImportWorker0.log
-srvPort
49683
Successfully changed project path to: C:/Users/Egidijus.Subacius/Desktop/Unity/MainMenu/MainMenu
C:/Users/Egidijus.Subacius/Desktop/Unity/MainMenu/MainMenu
Using Asset Import Pipeline V2.
Refreshing native plugins compatible for Editor in 23.64 ms, found 0 plugins.
Preloading 0 native plugins for Editor in 0.00 ms.
Initialize engine version: 2020.3.3f1 (76626098c1c4)
[Subsystems] Discovering subsystems at path C:/Users/Egidijus.Subacius/Desktop/Unity/2020.3.3f1/Editor/Data/Resources/UnitySubsystems
[Subsystems] Discovering subsystems at path C:/Users/Egidijus.Subacius/Desktop/Unity/MainMenu/MainMenu/Assets
GfxDevice: creating device client; threaded=0
Direct3D:
    Version:  Direct3D 11.0 [level 11.1]
    Renderer: NVIDIA GeForce GTX 1080 (ID=0x1b80)
    Vendor:   
    VRAM:     8079 MB
    Driver:   27.21.14.5751
Initialize mono
Mono path[0] = 'C:/Users/Egidijus.Subacius/Desktop/Unity/2020.3.3f1/Editor/Data/Managed'
Mono path[1] = 'C:/Users/Egidijus.Subacius/Desktop/Unity/2020.3.3f1/Editor/Data/MonoBleedingEdge/lib/mono/unityjit'
Mono config path = 'C:/Users/Egidijus.Subacius/Desktop/Unity/2020.3.3f1/Editor/Data/MonoBleedingEdge/etc'
Using monoOptions --debugger-agent=transport=dt_socket,embedding=1,server=y,suspend=n,address=127.0.0.1:56640
Begin MonoManager ReloadAssembly
Registering precompiled unity dll's ...
Register platform support module: C:/Users/Egidijus.Subacius/Desktop/Unity/2020.3.3f1/Editor/Data/PlaybackEngines/WebGLSupport/UnityEditor.WebGL.Extensions.dll
Register platform support module: C:/Users/Egidijus.Subacius/Desktop/Unity/2020.3.3f1/Editor/Data/PlaybackEngines/WindowsStandaloneSupport/UnityEditor.WindowsStandalone.Extensions.dll
Registered in 0.004724 seconds.
Native extension for WindowsStandalone target not found
Native extension for WebGL target not found
Refreshing native plugins compatible for Editor in 22.10 ms, found 0 plugins.
Preloading 0 native plugins for Editor in 0.00 ms.
Invoked RoslynAnalysisRunner static constructor.
RoslynAnalysisRunner will not be running.
RoslynAnalysisRunner has terminated.
Mono: successfully reloaded assembly
- Completed reload, in  1.337 seconds
Platform modules already initialized, skipping
Registering precompiled user dll's ...
Registered in 0.001203 seconds.
Begin MonoManager ReloadAssembly
Native extension for WindowsStandalone target not found
Native extension for WebGL target not found
Refreshing native plugins compatible for Editor in 0.18 ms, found 0 plugins.
Preloading 0 native plugins for Editor in 0.00 ms.
Invoked RoslynAnalysisRunner static constructor.
RoslynAnalysisRunner will not be running.
RoslynAnalysisRunner has terminated.
Mono: successfully reloaded assembly
- Completed reload, in  0.898 seconds
Platform modules already initialized, skipping
========================================================================
Worker process is ready to serve import requests
Launched and connected shader compiler UnityShaderCompiler.exe after 0.06 seconds
Refreshing native plugins compatible for Editor in 0.19 ms, found 0 plugins.
Preloading 0 native plugins for Editor in 0.00 ms.
Unloading 1130 Unused Serialized files (Serialized files now loaded: 0)
System memory in use before: 59.3 MB.
System memory in use after: 59.3 MB.

Unloading 10 unused Assets to reduce memory usage. Loaded Objects now: 1573.
Total: 1.544300 ms (FindLiveObjects: 0.177900 ms CreateObjectMapping: 0.044500 ms MarkObjects: 1.248800 ms  DeleteObjects: 0.071900 ms)

========================================================================
Received Import Request.
  path: Assets/Audiocontroller.cs
  artifactKey: Guid(5efa39493863c5949b61f36574d4e66f) Importer(815301076,1909f56bfc062723c751e8b465ee728b)
Start importing Assets/Audiocontroller.cs using Guid(5efa39493863c5949b61f36574d4e66f) Importer(815301076,1909f56bfc062723c751e8b465ee728b)  -> (artifact id: '55d31efe4c1d4523410b8c3c29ae6a5a') in 0.077001 seconds
  Import took 0.078708 seconds .

========================================================================
Received Import Request.
  Time since last request: 0.038285 seconds.
  path: Assets/Audiocontroller.cs
  artifactKey: Guid(5efa39493863c5949b61f36574d4e66f) Importer(815301076,1909f56bfc062723c751e8b465ee728b)
Start importing Assets/Audiocontroller.cs using Guid(5efa39493863c5949b61f36574d4e66f) Importer(815301076,1909f56bfc062723c751e8b465ee728b)  -> (artifact id: '55d31efe4c1d4523410b8c3c29ae6a5a') in 0.008679 seconds
  Import took 0.010322 seconds .

========================================================================
Received Prepare
Registering precompiled user dll's ...
Registered in 0.001844 seconds.
Begin MonoManager ReloadAssembly
Native extension for WindowsStandalone target not found
Native extension for WebGL target not found
Refreshing native plugins compatible for Editor in 0.31 ms, found 0 plugins.
Preloading 0 native plugins for Editor in 0.00 ms.
Invoked RoslynAnalysisRunner static constructor.
RoslynAnalysisRunner will not be running.
RoslynAnalysisRunner has terminated.
Mono: successfully reloaded assembly
- Completed reload, in  0.840 seconds
Platform modules already initialized, skipping
Refreshing native plugins compatible for Editor in 0.19 ms, found 0 plugins.
Preloading 0 native plugins for Editor in 0.00 ms.
Unloading 1112 Unused Serialized files (Serialized files now loaded: 0)
System memory in use before: 57.9 MB.
System memory in use after: 58.0 MB.

Unloading 5 unused Assets to reduce memory usage. Loaded Objects now: 1576.
Total: 1.443000 ms (FindLiveObjects: 0.132300 ms CreateObjectMapping: 0.034000 ms MarkObjects: 1.232600 ms  DeleteObjects: 0.043000 ms)

========================================================================
Received Import Request.
  Time since last request: 71.157149 seconds.
  path: Assets/Scenes/MainMenu.unity
  artifactKey: Guid(9fc0d4010bbf28b4594072e72b8655ab) Importer(815301076,1909f56bfc062723c751e8b465ee728b)
Start importing Assets/Scenes/MainMenu.unity using Guid(9fc0d4010bbf28b4594072e72b8655ab) Importer(815301076,1909f56bfc062723c751e8b465ee728b)  -> (artifact id: '3b40dbf6c628c21eec1b52d14c7ebd28') in 0.016797 seconds
  Import took 0.018446 seconds .

========================================================================
Received Import Request.
  Time since last request: 7.055655 seconds.
  path: Assets/Pic/47179.jpg
  artifactKey: Guid(716d374a8af99b44e808b4b111963c92) Importer(815301076,1909f56bfc062723c751e8b465ee728b)
Start importing Assets/Pic/47179.jpg using Guid(716d374a8af99b44e808b4b111963c92) Importer(815301076,1909f56bfc062723c751e8b465ee728b)  -> (artifact id: '384905d1e1a287de5d3e24abd3e39bae') in 0.080705 seconds
  Import took 0.082392 seconds .

========================================================================
Received Import Request.
  Time since last request: 0.286242 seconds.
  path: Assets/Pic/127957.jpg
  artifactKey: Guid(cc35af3c8b9ce1f45966cd2b6031c9ea) Importer(815301076,1909f56bfc062723c751e8b465ee728b)
Start importing Assets/Pic/127957.jpg using Guid(cc35af3c8b9ce1f45966cd2b6031c9ea) Importer(815301076,1909f56bfc062723c751e8b465ee728b)  -> (artifact id: '079740c76085419471da15bfa735f853') in 0.056126 seconds
  Import took 0.057956 seconds .

========================================================================
Received Import Request.
  Time since last request: 1.522079 seconds.
  path: Assets/Pic/1219598.jpg
  artifactKey: Guid(d5e8561e4ced80d4c9747b9a196035b9) Importer(815301076,1909f56bfc062723c751e8b465ee728b)
Start importing Assets/Pic/1219598.jpg using Guid(d5e8561e4ced80d4c9747b9a196035b9) Importer(815301076,1909f56bfc062723c751e8b465ee728b)  -> (artifact id: 'e25f87c74e917cad437bdcf372254d08') in 0.020892 seconds
  Import took 0.022770 seconds .

========================================================================
Received Import Request.
  Time since last request: 0.434039 seconds.
  path: Assets/Pic/1219604.jpg
  artifactKey: Guid(8780ffa4e9b138d47b816fdf4b0d4490) Importer(815301076,1909f56bfc062723c751e8b465ee728b)
Start importing Assets/Pic/1219604.jpg using Guid(8780ffa4e9b138d47b816fdf4b0d4490) Importer(815301076,1909f56bfc062723c751e8b465ee728b)  -> (artifact id: '7d3932a7b63c4c89a9c20344fa79d626') in 0.023489 seconds
  Import took 0.025192 seconds .

========================================================================
Received Import Request.
  Time since last request: 1.317149 seconds.
  path: Assets/Pic/1219609.jpg
  artifactKey: Guid(63b07387bca8f644c8e1d8fe2060d3eb) Importer(815301076,1909f56bfc062723c751e8b465ee728b)
Start importing Assets/Pic/1219609.jpg using Guid(63b07387bca8f644c8e1d8fe2060d3eb) Importer(815301076,1909f56bfc062723c751e8b465ee728b)  -> (artifact id: '76db696d65796c6fc25e23dbc73494f5') in 0.018679 seconds
  Import took 0.020355 seconds .

========================================================================
Received Import Request.
  Time since last request: 0.503971 seconds.
  path: Assets/Pic/1219613.jpg
  artifactKey: Guid(74125a1d644447748b003451b0d4c8e8) Importer(815301076,1909f56bfc062723c751e8b465ee728b)
Start importing Assets/Pic/1219613.jpg using Guid(74125a1d644447748b003451b0d4c8e8) Importer(815301076,1909f56bfc062723c751e8b465ee728b)  -> (artifact id: '357451859441ad9e264e9c738e31e8d3') in 0.017887 seconds
  Import took 0.019565 seconds .

AssetImportWorkerClient::OnTransportError - code=2 error=End of file
